<?xml version="1.0" encoding="UTF-8"?>
<!-- Generated by org.testng.reporters.JUnitReportReporter -->
<testsuite hostname="Lenova" failures="0" tests="1" name="testCases.TC010_Address" time="4.317" errors="0" timestamp="2024-11-07T12:03:26 IST" skipped="0">
  <testcase classname="testCases.TC010_Address" name="verify_address" time="4.317"/>
</testsuite> <!-- testCases.TC010_Address -->
