<?xml version="1.0" encoding="UTF-8"?>
<!-- Generated by org.testng.reporters.JUnitReportReporter -->
<testsuite hostname="Lenova" failures="0" tests="1" name="testCases.TC004_LogoutTest" time="1.773" errors="0" timestamp="2024-09-21T13:35:32 IST" skipped="0">
  <testcase classname="testCases.TC004_LogoutTest" name="verify_logout" time="1.773"/>
</testsuite> <!-- testCases.TC004_LogoutTest -->
