<?xml version="1.0" encoding="UTF-8"?>
<!-- Generated by org.testng.reporters.JUnitReportReporter -->
<testsuite hostname="Lenova" failures="0" tests="1" name="testBase.TC_AccountRegistrationTest" time="2.359" errors="0" timestamp="2024-08-12T12:47:29 IST" skipped="0">
  <testcase classname="testBase.TC_AccountRegistrationTest" name="verify_AccountRegistration" time="2.359"/>
</testsuite> <!-- testBase.TC_AccountRegistrationTest -->
