<?xml version="1.0" encoding="UTF-8"?>
<!-- Generated by org.testng.reporters.JUnitReportReporter -->
<testsuite hostname="Lenova" failures="0" tests="1" name="testCases.TC006_Address" time="7.442" errors="0" timestamp="2024-09-24T13:32:06 IST" skipped="0">
  <testcase classname="testCases.TC006_Address" name="add_address" time="7.442"/>
</testsuite> <!-- testCases.TC006_Address -->
