<?xml version="1.0" encoding="UTF-8"?>
<!-- Generated by org.testng.reporters.JUnitReportReporter -->
<testsuite hostname="Lenova" failures="0" tests="1" name="testCases.TC008_Wishlist" time="2.637" errors="0" timestamp="2024-10-04T13:22:28 IST" skipped="0">
  <testcase classname="testCases.TC008_Wishlist" name="verify_wishlist" time="2.637"/>
</testsuite> <!-- testCases.TC008_Wishlist -->
