<?xml version="1.0" encoding="UTF-8"?>
<!-- Generated by org.testng.reporters.JUnitReportReporter -->
<testsuite hostname="Lenova" failures="0" tests="1" name="testCases.TC009_AddToCart" time="3.959" errors="0" timestamp="2024-10-21T12:37:39 IST" skipped="0">
  <testcase classname="testCases.TC009_AddToCart" name="verify_addtocart" time="3.959"/>
</testsuite> <!-- testCases.TC009_AddToCart -->
