<?xml version="1.0" encoding="UTF-8"?>
<!-- Generated by org.testng.reporters.JUnitReportReporter -->
<testsuite hostname="Lenova" failures="0" tests="1" name="testCases.TC_AccountRegistrationTest" time="2.325" errors="0" timestamp="2024-08-15T13:14:55 IST" skipped="0">
  <testcase classname="testCases.TC_AccountRegistrationTest" name="verify_AccountRegistration" time="2.325"/>
</testsuite> <!-- testCases.TC_AccountRegistrationTest -->
