<?xml version="1.0" encoding="UTF-8"?>
<!-- Generated by org.testng.reporters.JUnitReportReporter -->
<testsuite hostname="Lenova" failures="0" tests="7" name="testCases.TC003_LoginDDT" time="64.766" errors="0" timestamp="2024-08-16T13:26:55 IST" skipped="0">
  <testcase classname="testCases.TC003_LoginDDT" name="verify_loginDDT" time="2.377"/>
  <testcase classname="testCases.TC003_LoginDDT" name="verify_loginDDT" time="2.643"/>
  <testcase classname="testCases.TC003_LoginDDT" name="verify_loginDDT" time="11.446"/>
  <testcase classname="testCases.TC003_LoginDDT" name="verify_loginDDT" time="13.027"/>
  <testcase classname="testCases.TC003_LoginDDT" name="verify_loginDDT" time="12.009"/>
  <testcase classname="testCases.TC003_LoginDDT" name="verify_loginDDT" time="11.439"/>
  <testcase classname="testCases.TC003_LoginDDT" name="verify_loginDDT" time="11.825"/>
</testsuite> <!-- testCases.TC003_LoginDDT -->
