<?xml version="1.0" encoding="UTF-8"?>
<!-- Generated by org.testng.reporters.JUnitReportReporter -->
<testsuite hostname="Lenova" failures="0" tests="1" name="testCases.TC002_LoginTest" time="1.255" errors="0" timestamp="2024-09-21T13:28:30 IST" skipped="0">
  <testcase classname="testCases.TC002_LoginTest" name="verify_login" time="1.255"/>
</testsuite> <!-- testCases.TC002_LoginTest -->
